# JRE version: OpenJDK Runtime Environment (8.0_202-b03) (build 1.8.0_202-release-1483-b03)
# Java VM: OpenJDK 64-Bit Server VM (25.202-b03 mixed mode windows-amd64 compressed oops)
Heap:
 PSYoungGen      total 265216K, used 125307K [0x00000000e0000000, 0x00000000f2d00000, 0x0000000100000000)
  eden space 243712K, 42% used [0x00000000e0000000,0x00000000e65c9348,0x00000000eee00000)
  from space 21504K, 98% used [0x00000000ef800000,0x00000000f0c95928,0x00000000f0d00000)
  to   space 32256K, 0% used [0x00000000f0d80000,0x00000000f0d80000,0x00000000f2d00000)
 ParOldGen       total 121344K, used 47832K [0x00000000a0000000, 0x00000000a7680000, 0x00000000e0000000)
  object space 121344K, 39% used [0x00000000a0000000,0x00000000a2eb6008,0x00000000a7680000)
 Metaspace       used 90984K, capacity 95040K, committed 95320K, reserved 1132544K
  class space    used 11458K, capacity 12290K, committed 12416K, reserved 1048576K
GC Heap History (10 events):
Event: 1037.487 GC heap before
{Heap before GC invocations=18 (full 3):
 PSYoungGen      total 259584K, used 259271K [0x00000000e0000000, 0x00000000f1b00000, 0x0000000100000000)
  eden space 238080K, 100% used [0x00000000e0000000,0x00000000ee880000,0x00000000ee880000)
  from space 21504K, 98% used [0x00000000f0600000,0x00000000f1ab1e68,0x00000000f1b00000)
  to   space 25088K, 0% used [0x00000000eea00000,0x00000000eea00000,0x00000000f0280000)
 ParOldGen       total 121344K, used 31956K [0x00000000a0000000, 0x00000000a7680000, 0x00000000e0000000)
  object space 121344K, 26% used [0x00000000a0000000,0x00000000a1f35168,0x00000000a7680000)
 Metaspace       used 77950K, capacity 81606K, committed 81752K, reserved 1120256K
  class space    used 10098K, capacity 10829K, committed 10880K, reserved 1048576K
Event: 1037.538 GC heap after
Heap after GC invocations=18 (full 3):
 PSYoungGen      total 264704K, used 25085K [0x00000000e0000000, 0x00000000f4900000, 0x0000000100000000)
  eden space 239616K, 0% used [0x00000000e0000000,0x00000000e0000000,0x00000000eea00000)
  from space 25088K, 99% used [0x00000000eea00000,0x00000000f027f7b0,0x00000000f0280000)
  to   space 29696K, 0% used [0x00000000f2c00000,0x00000000f2c00000,0x00000000f4900000)
 ParOldGen       total 121344K, used 33544K [0x00000000a0000000, 0x00000000a7680000, 0x00000000e0000000)
  object space 121344K, 27% used [0x00000000a0000000,0x00000000a20c2248,0x00000000a7680000)
 Metaspace       used 77950K, capacity 81606K, committed 81752K, reserved 1120256K
  class space    used 10098K, capacity 10829K, committed 10880K, reserved 1048576K
}
Event: 1056.427 GC heap before
{Heap before GC invocations=19 (full 3):
 PSYoungGen      total 264704K, used 264701K [0x00000000e0000000, 0x00000000f4900000, 0x0000000100000000)
  eden space 239616K, 100% used [0x00000000e0000000,0x00000000eea00000,0x00000000eea00000)
  from space 25088K, 99% used [0x00000000eea00000,0x00000000f027f7b0,0x00000000f0280000)
  to   space 29696K, 0% used [0x00000000f2c00000,0x00000000f2c00000,0x00000000f4900000)
 ParOldGen       total 121344K, used 33544K [0x00000000a0000000, 0x00000000a7680000, 0x00000000e0000000)
  object space 121344K, 27% used [0x00000000a0000000,0x00000000a20c2248,0x00000000a7680000)
 Metaspace       used 78176K, capacity 81816K, committed 82008K, reserved 1120256K
  class space    used 10107K, capacity 10832K, committed 10880K, reserved 1048576K
Event: 1056.464 GC heap after
Heap after GC invocations=19 (full 3):
 PSYoungGen      total 294912K, used 10838K [0x00000000e0000000, 0x00000000f4180000, 0x0000000100000000)
  eden space 272896K, 0% used [0x00000000e0000000,0x00000000e0000000,0x00000000f0a80000)
  from space 22016K, 49% used [0x00000000f2c00000,0x00000000f3695938,0x00000000f4180000)
  to   space 28160K, 0% used [0x00000000f0a80000,0x00000000f0a80000,0x00000000f2600000)
 ParOldGen       total 121344K, used 47808K [0x00000000a0000000, 0x00000000a7680000, 0x00000000e0000000)
  object space 121344K, 39% used [0x00000000a0000000,0x00000000a2eb0008,0x00000000a7680000)
 Metaspace       used 78176K, capacity 81816K, committed 82008K, reserved 1120256K
  class space    used 10107K, capacity 10832K, committed 10880K, reserved 1048576K
}
Event: 4865.010 GC heap before
{Heap before GC invocations=20 (full 3):
 PSYoungGen      total 294912K, used 283734K [0x00000000e0000000, 0x00000000f4180000, 0x0000000100000000)
  eden space 272896K, 100% used [0x00000000e0000000,0x00000000f0a80000,0x00000000f0a80000)
  from space 22016K, 49% used [0x00000000f2c00000,0x00000000f3695938,0x00000000f4180000)
  to   space 28160K, 0% used [0x00000000f0a80000,0x00000000f0a80000,0x00000000f2600000)
 ParOldGen       total 121344K, used 47808K [0x00000000a0000000, 0x00000000a7680000, 0x00000000e0000000)
  object space 121344K, 39% used [0x00000000a0000000,0x00000000a2eb0008,0x00000000a7680000)
 Metaspace       used 80959K, capacity 84790K, committed 84952K, reserved 1122304K
  class space    used 10404K, capacity 11143K, committed 11264K, reserved 1048576K
Event: 4865.125 GC heap after
Heap after GC invocations=20 (full 3):
 PSYoungGen      total 284160K, used 21012K [0x00000000e0000000, 0x00000000f3a80000, 0x0000000100000000)
  eden space 262656K, 0% used [0x00000000e0000000,0x00000000e0000000,0x00000000f0080000)
  from space 21504K, 97% used [0x00000000f0a80000,0x00000000f1f050f8,0x00000000f1f80000)
  to   space 27648K, 0% used [0x00000000f1f80000,0x00000000f1f80000,0x00000000f3a80000)
 ParOldGen       total 121344K, used 47816K [0x00000000a0000000, 0x00000000a7680000, 0x00000000e0000000)
  object space 121344K, 39% used [0x00000000a0000000,0x00000000a2eb2008,0x00000000a7680000)
 Metaspace       used 80959K, capacity 84790K, committed 84952K, reserved 1122304K
  class space    used 10404K, capacity 11143K, committed 11264K, reserved 1048576K
}
Event: 4885.711 GC heap before
{Heap before GC invocations=21 (full 3):
 PSYoungGen      total 284160K, used 283668K [0x00000000e0000000, 0x00000000f3a80000, 0x0000000100000000)
  eden space 262656K, 100% used [0x00000000e0000000,0x00000000f0080000,0x00000000f0080000)
  from space 21504K, 97% used [0x00000000f0a80000,0x00000000f1f050f8,0x00000000f1f80000)
  to   space 27648K, 0% used [0x00000000f1f80000,0x00000000f1f80000,0x00000000f3a80000)
 ParOldGen       total 121344K, used 47816K [0x00000000a0000000, 0x00000000a7680000, 0x00000000e0000000)
  object space 121344K, 39% used [0x00000000a0000000,0x00000000a2eb2008,0x00000000a7680000)
 Metaspace       used 85285K, capacity 89312K, committed 89432K, reserved 1126400K
  class space    used 10826K, capacity 11618K, committed 11648K, reserved 1048576K
Event: 4885.790 GC heap after
Heap after GC invocations=21 (full 3):
 PSYoungGen      total 274944K, used 21777K [0x00000000e0000000, 0x00000000f3500000, 0x0000000100000000)
  eden space 252928K, 0% used [0x00000000e0000000,0x00000000e0000000,0x00000000ef700000)
  from space 22016K, 98% used [0x00000000f1f80000,0x00000000f34c45d8,0x00000000f3500000)
  to   space 31232K, 0% used [0x00000000ef800000,0x00000000ef800000,0x00000000f1680000)
 ParOldGen       total 121344K, used 47824K [0x00000000a0000000, 0x00000000a7680000, 0x00000000e0000000)
  object space 121344K, 39% used [0x00000000a0000000,0x00000000a2eb4008,0x00000000a7680000)
 Metaspace       used 85285K, capacity 89312K, committed 89432K, reserved 1126400K
  class space    used 10826K, capacity 11618K, committed 11648K, reserved 1048576K
}
Event: 4889.602 GC heap before
{Heap before GC invocations=22 (full 3):
 PSYoungGen      total 274944K, used 274705K [0x00000000e0000000, 0x00000000f3500000, 0x0000000100000000)
  eden space 252928K, 100% used [0x00000000e0000000,0x00000000ef700000,0x00000000ef700000)
  from space 22016K, 98% used [0x00000000f1f80000,0x00000000f34c45d8,0x00000000f3500000)
  to   space 31232K, 0% used [0x00000000ef800000,0x00000000ef800000,0x00000000f1680000)
 ParOldGen       total 121344K, used 47824K [0x00000000a0000000, 0x00000000a7680000, 0x00000000e0000000)
  object space 121344K, 39% used [0x00000000a0000000,0x00000000a2eb4008,0x00000000a7680000)
 Metaspace       used 85303K, capacity 89312K, committed 89432K, reserved 1126400K
  class space    used 10827K, capacity 11618K, committed 11648K, reserved 1048576K
Event: 4889.648 GC heap after
Heap after GC invocations=22 (full 3):
 PSYoungGen      total 265216K, used 21078K [0x00000000e0000000, 0x00000000f2d00000, 0x0000000100000000)
  eden space 243712K, 0% used [0x00000000e0000000,0x00000000e0000000,0x00000000eee00000)
  from space 21504K, 98% used [0x00000000ef800000,0x00000000f0c95928,0x00000000f0d00000)
  to   space 32256K, 0% used [0x00000000f0d80000,0x00000000f0d80000,0x00000000f2d00000)
 ParOldGen       total 121344K, used 47832K [0x00000000a0000000, 0x00000000a7680000, 0x00000000e0000000)
  object space 121344K, 39% used [0x00000000a0000000,0x00000000a2eb6008,0x00000000a7680000)
 Metaspace       used 85303K, capacity 89312K, committed 89432K, reserved 1126400K
  class space    used 10827K, capacity 11618K, committed 11648K, reserved 1048576K
}

